<?xml version="1.0" encoding="UTF-8"?>
<!-- Generated by org.testng.reporters.JUnitReportReporter -->
<testsuite hostname="DESKTOP-2BTGDN4" failures="0" tests="1" name="tutorialsninja.Tutorialninjaregister" time="9.601" errors="0" timestamp="2025-01-26T19:20:50 IST" skipped="0">
  <testcase classname="tutorialsninja.Tutorialninjaregister" name="registerWithMandatoryFields" time="9.601"/>
</testsuite> <!-- tutorialsninja.Tutorialninjaregister -->
