<?xml version="1.0" encoding="UTF-8"?>
<!-- Generated by org.testng.reporters.JUnitReportReporter -->
<testsuite hostname="DESKTOP-2BTGDN4" failures="0" tests="1" name="tutorialsninja.TC03" time="11.441" errors="0" timestamp="2025-01-26T20:33:55 IST" skipped="0">
  <testcase classname="tutorialsninja.TC03" name="verifyRegisterAccountWithAllFields" time="11.441"/>
</testsuite> <!-- tutorialsninja.TC03 -->
