<?xml version="1.0" encoding="UTF-8"?>
<!-- Generated by org.testng.reporters.JUnitReportReporter -->
<testsuite hostname="DESKTOP-2BTGDN4" failures="0" tests="1" name="tutorialsninja.T4" time="11.655" errors="0" timestamp="2025-01-26T22:40:56 IST" skipped="0">
  <testcase classname="tutorialsninja.T4" name="verifyRegistringAccountWithoutFillFields" time="11.655"/>
</testsuite> <!-- tutorialsninja.T4 -->
